Using pre-set license
Built from '2020.3/staging' branch; Version is '2020.3.4f1 (0abb6314276a) revision 703331'; Using compiler version '192528614'; Build Type 'Release'
OS: 'Windows 10 Home Single Language; OS build 19042.1083; Version 2009; 64bit' Language: 'es' Physical Memory: 12142 MB
BatchMode: 1, IsHumanControllingUs: 0, StartBugReporterOnCrash: 0, Is64bit: 1, IsPro: 0

 COMMAND LINE ARGUMENTS:
C:\Program Files\Unity\Hub\Editor\2020.3.4f1\Editor\Unity.exe
-adb2
-batchMode
-noUpm
-name
AssetImportWorker0
-projectPath
D:/ProyectoUnity5to/Cartas
-logFile
Logs/AssetImportWorker0.log
-srvPort
60310
Successfully changed project path to: D:/ProyectoUnity5to/Cartas
D:/ProyectoUnity5to/Cartas
Using Asset Import Pipeline V2.
Refreshing native plugins compatible for Editor in 21.17 ms, found 0 plugins.
Preloading 0 native plugins for Editor in 0.00 ms.
Initialize engine version: 2020.3.4f1 (0abb6314276a)
[Subsystems] Discovering subsystems at path C:/Program Files/Unity/Hub/Editor/2020.3.4f1/Editor/Data/Resources/UnitySubsystems
[Subsystems] Discovering subsystems at path D:/ProyectoUnity5to/Cartas/Assets
GfxDevice: creating device client; threaded=0
Direct3D:
    Version:  Direct3D 11.0 [level 11.1]
    Renderer: NVIDIA GeForce GTX 1050 Ti (ID=0x1c8c)
    Vendor:   
    VRAM:     4021 MB
    Driver:   25.21.14.2546
Initialize mono
Mono path[0] = 'C:/Program Files/Unity/Hub/Editor/2020.3.4f1/Editor/Data/Managed'
Mono path[1] = 'C:/Program Files/Unity/Hub/Editor/2020.3.4f1/Editor/Data/MonoBleedingEdge/lib/mono/unityjit'
Mono config path = 'C:/Program Files/Unity/Hub/Editor/2020.3.4f1/Editor/Data/MonoBleedingEdge/etc'
Using monoOptions --debugger-agent=transport=dt_socket,embedding=1,server=y,suspend=n,address=127.0.0.1:56752
Begin MonoManager ReloadAssembly
Registering precompiled unity dll's ...
Register platform support module: C:/Program Files/Unity/Hub/Editor/2020.3.4f1/Editor/Data/PlaybackEngines/WindowsStandaloneSupport/UnityEditor.WindowsStandalone.Extensions.dll
Registered in 0.001718 seconds.
Native extension for WindowsStandalone target not found
Refreshing native plugins compatible for Editor in 22.75 ms, found 0 plugins.
Preloading 0 native plugins for Editor in 0.00 ms.
Mono: successfully reloaded assembly
- Completed reload, in  1.067 seconds
Platform modules already initialized, skipping
Registering precompiled user dll's ...
Registered in 0.000453 seconds.
Begin MonoManager ReloadAssembly
Native extension for WindowsStandalone target not found
Refreshing native plugins compatible for Editor in 0.19 ms, found 0 plugins.
Preloading 0 native plugins for Editor in 0.00 ms.
Mono: successfully reloaded assembly
- Completed reload, in  0.710 seconds
Platform modules already initialized, skipping
========================================================================
Worker process is ready to serve import requests
Launched and connected shader compiler UnityShaderCompiler.exe after 0.04 seconds
Refreshing native plugins compatible for Editor in 0.21 ms, found 0 plugins.
Preloading 0 native plugins for Editor in 0.00 ms.
Unloading 1122 Unused Serialized files (Serialized files now loaded: 0)
System memory in use before: 57.1 MB.
System memory in use after: 57.2 MB.

Unloading 9 unused Assets to reduce memory usage. Loaded Objects now: 1565.
Total: 1.785100 ms (FindLiveObjects: 0.139500 ms CreateObjectMapping: 0.039900 ms MarkObjects: 1.548800 ms  DeleteObjects: 0.055800 ms)

========================================================================
Received Import Request.
  path: Assets/Menu_fondo.jpg
  artifactKey: Guid(dc5b32ac0bf8bb046bf2d629012e159f) Importer(815301076,1909f56bfc062723c751e8b465ee728b)
Start importing Assets/Menu_fondo.jpg using Guid(dc5b32ac0bf8bb046bf2d629012e159f) Importer(815301076,1909f56bfc062723c751e8b465ee728b)  -> (artifact id: 'a363e8fbf5f8271c5c86a3ea8ce2d9d0') in 0.090552 seconds
  Import took 0.092350 seconds .

========================================================================
Received Import Request.
  Time since last request: 26.555323 seconds.
  path: Assets/Menu
  artifactKey: Guid(8d3a5eb405ed8634c89e053b042b5705) Importer(815301076,1909f56bfc062723c751e8b465ee728b)
Start importing Assets/Menu using Guid(8d3a5eb405ed8634c89e053b042b5705) Importer(815301076,1909f56bfc062723c751e8b465ee728b)  -> (artifact id: '11e9f29c801731fc1a995fae79f76f8d') in 0.005764 seconds
  Import took 0.007627 seconds .

========================================================================
Received Import Request.
  Time since last request: 0.011208 seconds.
  path: Assets/Menu
  artifactKey: Guid(8d3a5eb405ed8634c89e053b042b5705) Importer(815301076,1909f56bfc062723c751e8b465ee728b)
Start importing Assets/Menu using Guid(8d3a5eb405ed8634c89e053b042b5705) Importer(815301076,1909f56bfc062723c751e8b465ee728b)  -> (artifact id: '11e9f29c801731fc1a995fae79f76f8d') in 0.001867 seconds
  Import took 0.003728 seconds .

========================================================================
Received Import Request.
  Time since last request: 1.637095 seconds.
  path: Assets/Menu/UI imagenes
  artifactKey: Guid(fa88d853cc9f9b84c896c4775925e875) Importer(815301076,1909f56bfc062723c751e8b465ee728b)
Start importing Assets/Menu/UI imagenes using Guid(fa88d853cc9f9b84c896c4775925e875) Importer(815301076,1909f56bfc062723c751e8b465ee728b)  -> (artifact id: '6ede9780ad48b0ae1c9e39d7b7fb52e4') in 0.007816 seconds
  Import took 0.010159 seconds .

========================================================================
Received Import Request.
  Time since last request: 0.044146 seconds.
  path: Assets/Menu/UI imagenes/log.png
  artifactKey: Guid(37f1ea2fdaebf59439b031284494097a) Importer(815301076,1909f56bfc062723c751e8b465ee728b)
Start importing Assets/Menu/UI imagenes/log.png using Guid(37f1ea2fdaebf59439b031284494097a) Importer(815301076,1909f56bfc062723c751e8b465ee728b)  -> (artifact id: 'ef3fa84c6f3a9740f79dbbbb33966664') in 0.055279 seconds
  Import took 0.057341 seconds .

========================================================================
Received Import Request.
  Time since last request: 0.000277 seconds.
  path: Assets/Menu/UI imagenes/pentagrama-png-6.png
  artifactKey: Guid(93270b5f172094142b3af955a2bb7331) Importer(815301076,1909f56bfc062723c751e8b465ee728b)
Start importing Assets/Menu/UI imagenes/pentagrama-png-6.png using Guid(93270b5f172094142b3af955a2bb7331) Importer(815301076,1909f56bfc062723c751e8b465ee728b)  -> (artifact id: '3d0a0589c42121d56827926741afc37c') in 0.018349 seconds
  Import took 0.020808 seconds .

========================================================================
Received Import Request.
  Time since last request: 0.000306 seconds.
  path: Assets/Menu/UI imagenes/options.png
  artifactKey: Guid(961ee63f1bdbad94c97197740ae5ea51) Importer(815301076,1909f56bfc062723c751e8b465ee728b)
Start importing Assets/Menu/UI imagenes/options.png using Guid(961ee63f1bdbad94c97197740ae5ea51) Importer(815301076,1909f56bfc062723c751e8b465ee728b)  -> (artifact id: '138fa2caa4f6e9894b98937f2d3732a6') in 0.021842 seconds
  Import took 0.025622 seconds .

========================================================================
Received Import Request.
  Time since last request: 0.000392 seconds.
  path: Assets/Menu/UI imagenes/lt.png
  artifactKey: Guid(e840d97b052f23845b57fd9f32db87b8) Importer(815301076,1909f56bfc062723c751e8b465ee728b)
Start importing Assets/Menu/UI imagenes/lt.png using Guid(e840d97b052f23845b57fd9f32db87b8) Importer(815301076,1909f56bfc062723c751e8b465ee728b)  -> (artifact id: '3b68dc629680c293fa323b73696f14f9') in 0.038926 seconds
  Import took 0.041284 seconds .

========================================================================
Received Import Request.
  Time since last request: 0.000430 seconds.
  path: Assets/Menu/UI imagenes/play.png
  artifactKey: Guid(210a1565883bc4449b83a138574594cf) Importer(815301076,1909f56bfc062723c751e8b465ee728b)
Start importing Assets/Menu/UI imagenes/play.png using Guid(210a1565883bc4449b83a138574594cf) Importer(815301076,1909f56bfc062723c751e8b465ee728b)  -> (artifact id: 'e667378bf4d1bb640f9b42f77aa6901f') in 0.024262 seconds
  Import took 0.027242 seconds .

========================================================================
Received Import Request.
  Time since last request: 0.000433 seconds.
  path: Assets/Menu/UI imagenes/lt.png
  artifactKey: Guid(e840d97b052f23845b57fd9f32db87b8) Importer(815301076,1909f56bfc062723c751e8b465ee728b)
Start importing Assets/Menu/UI imagenes/lt.png using Guid(e840d97b052f23845b57fd9f32db87b8) Importer(815301076,1909f56bfc062723c751e8b465ee728b)  -> (artifact id: '3b68dc629680c293fa323b73696f14f9') in 0.027586 seconds
  Import took 0.030462 seconds .

========================================================================
Received Import Request.
  Time since last request: 0.000279 seconds.
  path: Assets/Menu/UI imagenes/tarjetas play options y quit.png
  artifactKey: Guid(8e0795463cf0895459475000dacde21f) Importer(815301076,1909f56bfc062723c751e8b465ee728b)
Start importing Assets/Menu/UI imagenes/tarjetas play options y quit.png using Guid(8e0795463cf0895459475000dacde21f) Importer(815301076,1909f56bfc062723c751e8b465ee728b)  -> (artifact id: '040bc9ddd393f2734c2e08afb9eebf95') in 0.026361 seconds
  Import took 0.029150 seconds .

========================================================================
Received Import Request.
  Time since last request: 0.000438 seconds.
  path: Assets/Menu/UI imagenes/quit.png
  artifactKey: Guid(fc81c8c3c6561da4887dec35bdecfe08) Importer(815301076,1909f56bfc062723c751e8b465ee728b)
Start importing Assets/Menu/UI imagenes/quit.png using Guid(fc81c8c3c6561da4887dec35bdecfe08) Importer(815301076,1909f56bfc062723c751e8b465ee728b)  -> (artifact id: '2241943ebe0bfe8ef7a869711a7bb7ae') in 0.059360 seconds
  Import took 0.063849 seconds .

========================================================================
Received Import Request.
  Time since last request: 0.000672 seconds.
  path: Assets/Menu/UI imagenes/y2mate.com - Dark Music  Lucifers Hymn  Choir.mp3
  artifactKey: Guid(c22103d6d76031e48ad965abb61c9217) Importer(815301076,1909f56bfc062723c751e8b465ee728b)
Start importing Assets/Menu/UI imagenes/y2mate.com - Dark Music  Lucifers Hymn  Choir.mp3 using Guid(c22103d6d76031e48ad965abb61c9217) Importer(815301076,1909f56bfc062723c751e8b465ee728b)  -> (artifact id: 'fa52b42bbeb3be9d31b787a05aba762c') in 0.085917 seconds
  Import took 0.089395 seconds .

========================================================================
Received Import Request.
  Time since last request: 0.000285 seconds.
  path: Assets/Menu/UI imagenes/Menu2.png
  artifactKey: Guid(39397f11fe1e56542af7ad3f72225d44) Importer(815301076,1909f56bfc062723c751e8b465ee728b)
Start importing Assets/Menu/UI imagenes/Menu2.png using Guid(39397f11fe1e56542af7ad3f72225d44) Importer(815301076,1909f56bfc062723c751e8b465ee728b)  -> (artifact id: '83aef6c0198faaede56ffa6d38d72487') in 0.031365 seconds
  Import took 0.033032 seconds .

========================================================================
Received Import Request.
  Time since last request: 0.000266 seconds.
  path: Assets/Menu/UI imagenes/Menu_fondo.jpg
  artifactKey: Guid(e751564e22bff6c47af3bfa4243fc3be) Importer(815301076,1909f56bfc062723c751e8b465ee728b)
Start importing Assets/Menu/UI imagenes/Menu_fondo.jpg using Guid(e751564e22bff6c47af3bfa4243fc3be) Importer(815301076,1909f56bfc062723c751e8b465ee728b)  -> (artifact id: 'd7ac43bae8a91fc866aaf9524f926e4c') in 0.020390 seconds
  Import took 0.022947 seconds .

========================================================================
Received Import Request.
  Time since last request: 12.223916 seconds.
  path: Assets/Scenes
  artifactKey: Guid(9e6b8cb089ba1c14c9287518e1a3838c) Importer(815301076,1909f56bfc062723c751e8b465ee728b)
Start importing Assets/Scenes using Guid(9e6b8cb089ba1c14c9287518e1a3838c) Importer(815301076,1909f56bfc062723c751e8b465ee728b)  -> (artifact id: '5e722b8884a28538a09ffb4b21baeab3') in 0.007004 seconds
  Import took 0.009081 seconds .

========================================================================
Received Import Request.
  Time since last request: 0.829214 seconds.
  path: Assets/Scenes/SampleScene.unity
  artifactKey: Guid(9fc0d4010bbf28b4594072e72b8655ab) Importer(815301076,1909f56bfc062723c751e8b465ee728b)
Start importing Assets/Scenes/SampleScene.unity using Guid(9fc0d4010bbf28b4594072e72b8655ab) Importer(815301076,1909f56bfc062723c751e8b465ee728b)  -> (artifact id: 'e9465fee9bd4ce17c87bc3f86d0786f4') in 0.008150 seconds
  Import took 0.010733 seconds .

========================================================================
Received Import Request.
  Time since last request: 0.000948 seconds.
  path: Assets/Scenes/SampleScene.unity
  artifactKey: Guid(9fc0d4010bbf28b4594072e72b8655ab) Importer(815301076,1909f56bfc062723c751e8b465ee728b)
Start importing Assets/Scenes/SampleScene.unity using Guid(9fc0d4010bbf28b4594072e72b8655ab) Importer(815301076,1909f56bfc062723c751e8b465ee728b)  -> (artifact id: 'e9465fee9bd4ce17c87bc3f86d0786f4') in 0.002448 seconds
  Import took 0.005165 seconds .

========================================================================
Received Import Request.
  Time since last request: 39.164190 seconds.
  path: Assets/Scenes/Menu01.unity
  artifactKey: Guid(3de4f92cbc3ef6343b62e600f09c2e98) Importer(815301076,1909f56bfc062723c751e8b465ee728b)
Start importing Assets/Scenes/Menu01.unity using Guid(3de4f92cbc3ef6343b62e600f09c2e98) Importer(815301076,1909f56bfc062723c751e8b465ee728b)  -> (artifact id: '8d3134dbc92aef63050a05940786d1ec') in 0.007574 seconds
  Import took 0.009404 seconds .

========================================================================
Received Import Request.
  Time since last request: 0.000497 seconds.
  path: Assets/Scenes/Menu01.unity
  artifactKey: Guid(3de4f92cbc3ef6343b62e600f09c2e98) Importer(815301076,1909f56bfc062723c751e8b465ee728b)
Start importing Assets/Scenes/Menu01.unity using Guid(3de4f92cbc3ef6343b62e600f09c2e98) Importer(815301076,1909f56bfc062723c751e8b465ee728b)  -> (artifact id: '8d3134dbc92aef63050a05940786d1ec') in 0.003349 seconds
  Import took 0.005850 seconds .

========================================================================
Received Prepare
Registering precompiled user dll's ...
Registered in 0.000444 seconds.
Begin MonoManager ReloadAssembly
Native extension for WindowsStandalone target not found
Refreshing native plugins compatible for Editor in 0.20 ms, found 0 plugins.
Preloading 0 native plugins for Editor in 0.00 ms.
Mono: successfully reloaded assembly
- Completed reload, in  0.761 seconds
Platform modules already initialized, skipping
Refreshing native plugins compatible for Editor in 0.21 ms, found 0 plugins.
Preloading 0 native plugins for Editor in 0.00 ms.
Unloading 1116 Unused Serialized files (Serialized files now loaded: 0)
System memory in use before: 60.1 MB.
System memory in use after: 60.2 MB.

Unloading 4 unused Assets to reduce memory usage. Loaded Objects now: 1594.
Total: 3.791600 ms (FindLiveObjects: 0.289600 ms CreateObjectMapping: 0.098300 ms MarkObjects: 3.365000 ms  DeleteObjects: 0.035500 ms)

========================================================================
Received Prepare
Registering precompiled user dll's ...
Registered in 0.000471 seconds.
Begin MonoManager ReloadAssembly
Native extension for WindowsStandalone target not found
Refreshing native plugins compatible for Editor in 0.18 ms, found 0 plugins.
Preloading 0 native plugins for Editor in 0.00 ms.
Mono: successfully reloaded assembly
- Completed reload, in  0.699 seconds
Platform modules already initialized, skipping
Refreshing native plugins compatible for Editor in 0.20 ms, found 0 plugins.
Preloading 0 native plugins for Editor in 0.00 ms.
Unloading 1116 Unused Serialized files (Serialized files now loaded: 0)
System memory in use before: 60.1 MB.
System memory in use after: 60.2 MB.

Unloading 4 unused Assets to reduce memory usage. Loaded Objects now: 1597.
Total: 1.860100 ms (FindLiveObjects: 0.318000 ms CreateObjectMapping: 0.035100 ms MarkObjects: 1.494400 ms  DeleteObjects: 0.011600 ms)

========================================================================
Received Prepare
Registering precompiled user dll's ...
Registered in 0.000505 seconds.
Begin MonoManager ReloadAssembly
Native extension for WindowsStandalone target not found
Refreshing native plugins compatible for Editor in 0.25 ms, found 0 plugins.
Preloading 0 native plugins for Editor in 0.00 ms.
Mono: successfully reloaded assembly
- Completed reload, in  0.822 seconds
Platform modules already initialized, skipping
Refreshing native plugins compatible for Editor in 0.27 ms, found 0 plugins.
Preloading 0 native plugins for Editor in 0.00 ms.
Unloading 1116 Unused Serialized files (Serialized files now loaded: 0)
System memory in use before: 60.1 MB.
System memory in use after: 60.2 MB.

Unloading 4 unused Assets to reduce memory usage. Loaded Objects now: 1600.
Total: 1.717200 ms (FindLiveObjects: 0.226500 ms CreateObjectMapping: 0.047300 ms MarkObjects: 1.429800 ms  DeleteObjects: 0.012600 ms)

========================================================================
Received Prepare
Registering precompiled user dll's ...
Registered in 0.000714 seconds.
Begin MonoManager ReloadAssembly
Native extension for WindowsStandalone target not found
Refreshing native plugins compatible for Editor in 0.19 ms, found 0 plugins.
Preloading 0 native plugins for Editor in 0.00 ms.
Mono: successfully reloaded assembly
- Completed reload, in  0.785 seconds
Platform modules already initialized, skipping
Refreshing native plugins compatible for Editor in 0.22 ms, found 0 plugins.
Preloading 0 native plugins for Editor in 0.00 ms.
Unloading 1116 Unused Serialized files (Serialized files now loaded: 0)
System memory in use before: 60.1 MB.
System memory in use after: 60.2 MB.

Unloading 4 unused Assets to reduce memory usage. Loaded Objects now: 1603.
Total: 4.609400 ms (FindLiveObjects: 0.339500 ms CreateObjectMapping: 0.124100 ms MarkObjects: 4.102400 ms  DeleteObjects: 0.040000 ms)

========================================================================
Received Prepare
Registering precompiled user dll's ...
Registered in 0.000426 seconds.
Begin MonoManager ReloadAssembly
Native extension for WindowsStandalone target not found
Refreshing native plugins compatible for Editor in 0.23 ms, found 0 plugins.
Preloading 0 native plugins for Editor in 0.00 ms.
Mono: successfully reloaded assembly
- Completed reload, in  0.698 seconds
Platform modules already initialized, skipping
Refreshing native plugins compatible for Editor in 0.25 ms, found 0 plugins.
Preloading 0 native plugins for Editor in 0.00 ms.
Unloading 1117 Unused Serialized files (Serialized files now loaded: 0)
System memory in use before: 60.2 MB.
System memory in use after: 60.3 MB.

Unloading 4 unused Assets to reduce memory usage. Loaded Objects now: 1607.
Total: 1.889900 ms (FindLiveObjects: 0.268400 ms CreateObjectMapping: 0.091200 ms MarkObjects: 1.516500 ms  DeleteObjects: 0.012500 ms)

========================================================================
Received Import Request.
  Time since last request: 2206.885850 seconds.
  path: Assets/MainMenu.cs
  artifactKey: Guid(d2e89bd1d70b79a42ac55f4f757ff8af) Importer(815301076,1909f56bfc062723c751e8b465ee728b)
Start importing Assets/MainMenu.cs using Guid(d2e89bd1d70b79a42ac55f4f757ff8af) Importer(815301076,1909f56bfc062723c751e8b465ee728b)  -> (artifact id: '5282b096a65ee2fb40bde500ec597b8c') in 0.013730 seconds
  Import took 0.015817 seconds .

========================================================================
Received Prepare
Registering precompiled user dll's ...
Registered in 0.000574 seconds.
Begin MonoManager ReloadAssembly
Native extension for WindowsStandalone target not found
Refreshing native plugins compatible for Editor in 0.19 ms, found 0 plugins.
Preloading 0 native plugins for Editor in 0.00 ms.
Mono: successfully reloaded assembly
- Completed reload, in  0.765 seconds
Platform modules already initialized, skipping
Refreshing native plugins compatible for Editor in 0.21 ms, found 0 plugins.
Preloading 0 native plugins for Editor in 0.00 ms.
Unloading 1117 Unused Serialized files (Serialized files now loaded: 0)
System memory in use before: 60.2 MB.
System memory in use after: 60.3 MB.

Unloading 4 unused Assets to reduce memory usage. Loaded Objects now: 1610.
Total: 2.572800 ms (FindLiveObjects: 0.222200 ms CreateObjectMapping: 0.070500 ms MarkObjects: 2.258500 ms  DeleteObjects: 0.019800 ms)

========================================================================
Received Import Request.
  Time since last request: 164.984590 seconds.
  path: Assets/MainMenu.cs
  artifactKey: Guid(d2e89bd1d70b79a42ac55f4f757ff8af) Importer(815301076,1909f56bfc062723c751e8b465ee728b)
Start importing Assets/MainMenu.cs using Guid(d2e89bd1d70b79a42ac55f4f757ff8af) Importer(815301076,1909f56bfc062723c751e8b465ee728b)  -> (artifact id: '57130fcf5e3455fdde96c8014f92c349') in 0.003587 seconds
  Import took 0.007587 seconds .

========================================================================
Received Prepare
Refreshing native plugins compatible for Editor in 0.67 ms, found 0 plugins.
Preloading 0 native plugins for Editor in 0.00 ms.
Unloading 2 Unused Serialized files (Serialized files now loaded: 0)
System memory in use before: 38.1 MB.
System memory in use after: 38.2 MB.

Unloading 2 unused Assets to reduce memory usage. Loaded Objects now: 1610.
Total: 2.223400 ms (FindLiveObjects: 0.340100 ms CreateObjectMapping: 0.045500 ms MarkObjects: 1.823700 ms  DeleteObjects: 0.012900 ms)

========================================================================
Received Prepare
Registering precompiled user dll's ...
Registered in 0.000464 seconds.
Begin MonoManager ReloadAssembly
Native extension for WindowsStandalone target not found
Refreshing native plugins compatible for Editor in 0.19 ms, found 0 plugins.
Preloading 0 native plugins for Editor in 0.00 ms.
Mono: successfully reloaded assembly
- Completed reload, in  0.709 seconds
Platform modules already initialized, skipping
Refreshing native plugins compatible for Editor in 0.19 ms, found 0 plugins.
Preloading 0 native plugins for Editor in 0.00 ms.
Unloading 1117 Unused Serialized files (Serialized files now loaded: 0)
System memory in use before: 60.2 MB.
System memory in use after: 60.3 MB.

Unloading 4 unused Assets to reduce memory usage. Loaded Objects now: 1613.
Total: 3.476900 ms (FindLiveObjects: 0.277700 ms CreateObjectMapping: 0.093400 ms MarkObjects: 3.079500 ms  DeleteObjects: 0.024200 ms)

========================================================================
Received Prepare
Registering precompiled user dll's ...
Registered in 0.000473 seconds.
Begin MonoManager ReloadAssembly
Native extension for WindowsStandalone target not found
Refreshing native plugins compatible for Editor in 0.20 ms, found 0 plugins.
Preloading 0 native plugins for Editor in 0.00 ms.
Mono: successfully reloaded assembly
- Completed reload, in  0.748 seconds
Platform modules already initialized, skipping
Refreshing native plugins compatible for Editor in 0.22 ms, found 0 plugins.
Preloading 0 native plugins for Editor in 0.00 ms.
Unloading 1117 Unused Serialized files (Serialized files now loaded: 0)
System memory in use before: 60.2 MB.
System memory in use after: 60.3 MB.

Unloading 4 unused Assets to reduce memory usage. Loaded Objects now: 1616.
Total: 2.035100 ms (FindLiveObjects: 0.190600 ms CreateObjectMapping: 0.037800 ms MarkObjects: 1.794200 ms  DeleteObjects: 0.011900 ms)

========================================================================
Received Prepare
Registering precompiled user dll's ...
Registered in 0.000429 seconds.
Begin MonoManager ReloadAssembly
Native extension for WindowsStandalone target not found
Refreshing native plugins compatible for Editor in 0.19 ms, found 0 plugins.
Preloading 0 native plugins for Editor in 0.00 ms.
Mono: successfully reloaded assembly
- Completed reload, in  0.759 seconds
Platform modules already initialized, skipping
Refreshing native plugins compatible for Editor in 0.53 ms, found 0 plugins.
Preloading 0 native plugins for Editor in 0.00 ms.
Unloading 1117 Unused Serialized files (Serialized files now loaded: 0)
System memory in use before: 60.2 MB.
System memory in use after: 60.3 MB.

Unloading 4 unused Assets to reduce memory usage. Loaded Objects now: 1619.
Total: 3.329500 ms (FindLiveObjects: 0.463000 ms CreateObjectMapping: 0.238000 ms MarkObjects: 2.613700 ms  DeleteObjects: 0.013600 ms)

========================================================================
Received Prepare
Registering precompiled user dll's ...
Registered in 0.000489 seconds.
Begin MonoManager ReloadAssembly
Native extension for WindowsStandalone target not found
Refreshing native plugins compatible for Editor in 0.19 ms, found 0 plugins.
Preloading 0 native plugins for Editor in 0.00 ms.
Mono: successfully reloaded assembly
- Completed reload, in  0.700 seconds
Platform modules already initialized, skipping
Refreshing native plugins compatible for Editor in 0.21 ms, found 0 plugins.
Preloading 0 native plugins for Editor in 0.00 ms.
Unloading 1117 Unused Serialized files (Serialized files now loaded: 0)
System memory in use before: 60.2 MB.
System memory in use after: 60.3 MB.

Unloading 4 unused Assets to reduce memory usage. Loaded Objects now: 1622.
Total: 1.773300 ms (FindLiveObjects: 0.220100 ms CreateObjectMapping: 0.049500 ms MarkObjects: 1.491300 ms  DeleteObjects: 0.011600 ms)

========================================================================
Received Prepare
Registering precompiled user dll's ...
Registered in 0.000466 seconds.
Begin MonoManager ReloadAssembly
Native extension for WindowsStandalone target not found
Refreshing native plugins compatible for Editor in 0.19 ms, found 0 plugins.
Preloading 0 native plugins for Editor in 0.00 ms.
Mono: successfully reloaded assembly
- Completed reload, in  0.694 seconds
Platform modules already initialized, skipping
Refreshing native plugins compatible for Editor in 0.24 ms, found 0 plugins.
Preloading 0 native plugins for Editor in 0.00 ms.
Unloading 1117 Unused Serialized files (Serialized files now loaded: 0)
System memory in use before: 60.2 MB.
System memory in use after: 60.3 MB.

Unloading 4 unused Assets to reduce memory usage. Loaded Objects now: 1625.
Total: 3.766500 ms (FindLiveObjects: 0.320800 ms CreateObjectMapping: 0.125900 ms MarkObjects: 3.286200 ms  DeleteObjects: 0.031400 ms)

========================================================================
Received Prepare
Registering precompiled user dll's ...
Registered in 0.000426 seconds.
Begin MonoManager ReloadAssembly
Native extension for WindowsStandalone target not found
Refreshing native plugins compatible for Editor in 0.28 ms, found 0 plugins.
Preloading 0 native plugins for Editor in 0.00 ms.
Mono: successfully reloaded assembly
- Completed reload, in  0.684 seconds
Platform modules already initialized, skipping
Refreshing native plugins compatible for Editor in 0.20 ms, found 0 plugins.
Preloading 0 native plugins for Editor in 0.00 ms.
Unloading 1117 Unused Serialized files (Serialized files now loaded: 0)
System memory in use before: 60.3 MB.
System memory in use after: 60.4 MB.

Unloading 4 unused Assets to reduce memory usage. Loaded Objects now: 1628.
Total: 1.600500 ms (FindLiveObjects: 0.158800 ms CreateObjectMapping: 0.033500 ms MarkObjects: 1.397400 ms  DeleteObjects: 0.010200 ms)

AssetImportWorkerClient::OnTransportError - code=2 error=End of file
